# JRE version: OpenJDK Runtime Environment Temurin-17.0.13+11 (17.0.13+11) (build 17.0.13+11)
# Java VM: OpenJDK 64-Bit Server VM Temurin-17.0.13+11 (17.0.13+11, mixed mode, tiered, compressed oops, compressed class ptrs, parallel gc, windows-amd64)
GC Precious Log:
 CPUs: 12 total, 12 available
 Memory: 16307M
 Large Page Support: Disabled
 NUMA Support: Disabled
 Compressed Oops: Enabled (32-bit)
 Alignments: Space 512K, Generation 512K, Heap 2M
 Heap Min Capacity: 100M
 Heap Initial Capacity: 100M
 Heap Max Capacity: 1G
 Pre-touch: Disabled
 Parallel Workers: 10
Heap:
 PSYoungGen      total 44032K, used 36276K [0x00000000eab00000, 0x00000000ee080000, 0x0000000100000000)
  eden space 37376K, 79% used [0x00000000eab00000,0x00000000ec7f07f0,0x00000000ecf80000)
  from space 6656K, 99% used [0x00000000ed780000,0x00000000eddfe190,0x00000000ede00000)
  to   space 8192K, 0% used [0x00000000ecf80000,0x00000000ecf80000,0x00000000ed780000)
 ParOldGen       total 699392K, used 230603K [0x00000000c0000000, 0x00000000eab00000, 0x00000000eab00000)
  object space 699392K, 32% used [0x00000000c0000000,0x00000000ce132d20,0x00000000eab00000)
 Metaspace       used 67321K, committed 68544K, reserved 1114112K
  class space    used 7734K, committed 8256K, reserved 1048576K
GC Heap History (20 events):
Event: 30.613 GC heap before
{Heap before GC invocations=630 (full 544):
 PSYoungGen      total 44032K, used 37375K [0x00000000eab00000, 0x00000000ee080000, 0x0000000100000000)
  eden space 37376K, 99% used [0x00000000eab00000,0x00000000ecf7fff0,0x00000000ecf80000)
  from space 6656K, 0% used [0x00000000ed780000,0x00000000ed780000,0x00000000ede00000)
  to   space 8192K, 0% used [0x00000000ecf80000,0x00000000ecf80000,0x00000000ed780000)
 ParOldGen       total 198656K, used 198562K [0x00000000c0000000, 0x00000000cc200000, 0x00000000eab00000)
  object space 198656K, 99% used [0x00000000c0000000,0x00000000cc1e8af0,0x00000000cc200000)
 Metaspace       used 66790K, committed 67968K, reserved 1114112K
  class space    used 7706K, committed 8192K, reserved 1048576K
}
Event: 30.652 GC heap after
{Heap after GC invocations=630 (full 544):
 PSYoungGen      total 45568K, used 37375K [0x00000000eab00000, 0x00000000ee080000, 0x0000000100000000)
  eden space 37376K, 99% used [0x00000000eab00000,0x00000000ecf7fe28,0x00000000ecf80000)
  from space 8192K, 0% used [0x00000000ecf80000,0x00000000ecf80000,0x00000000ed780000)
  to   space 6656K, 0% used [0x00000000ed780000,0x00000000ed780000,0x00000000ede00000)
 ParOldGen       total 198656K, used 198562K [0x00000000c0000000, 0x00000000cc200000, 0x00000000eab00000)
  object space 198656K, 99% used [0x00000000c0000000,0x00000000cc1e8ac8,0x00000000cc200000)
 Metaspace       used 66790K, committed 67968K, reserved 1114112K
  class space    used 7706K, committed 8192K, reserved 1048576K
}
Event: 30.652 GC heap before
{Heap before GC invocations=631 (full 545):
 PSYoungGen      total 45568K, used 37375K [0x00000000eab00000, 0x00000000ee080000, 0x0000000100000000)
  eden space 37376K, 99% used [0x00000000eab00000,0x00000000ecf7ffe8,0x00000000ecf80000)
  from space 8192K, 0% used [0x00000000ecf80000,0x00000000ecf80000,0x00000000ed780000)
  to   space 6656K, 0% used [0x00000000ed780000,0x00000000ed780000,0x00000000ede00000)
 ParOldGen       total 198656K, used 198562K [0x00000000c0000000, 0x00000000cc200000, 0x00000000eab00000)
  object space 198656K, 99% used [0x00000000c0000000,0x00000000cc1e8ac8,0x00000000cc200000)
 Metaspace       used 66790K, committed 67968K, reserved 1114112K
  class space    used 7706K, committed 8192K, reserved 1048576K
}
Event: 30.692 GC heap after
{Heap after GC invocations=631 (full 545):
 PSYoungGen      total 44032K, used 37375K [0x00000000eab00000, 0x00000000ee080000, 0x0000000100000000)
  eden space 37376K, 99% used [0x00000000eab00000,0x00000000ecf7feb8,0x00000000ecf80000)
  from space 6656K, 0% used [0x00000000ed780000,0x00000000ed780000,0x00000000ede00000)
  to   space 8192K, 0% used [0x00000000ecf80000,0x00000000ecf80000,0x00000000ed780000)
 ParOldGen       total 198656K, used 198562K [0x00000000c0000000, 0x00000000cc200000, 0x00000000eab00000)
  object space 198656K, 99% used [0x00000000c0000000,0x00000000cc1e8ac8,0x00000000cc200000)
 Metaspace       used 66790K, committed 67968K, reserved 1114112K
  class space    used 7706K, committed 8192K, reserved 1048576K
}
Event: 30.692 GC heap before
{Heap before GC invocations=632 (full 546):
 PSYoungGen      total 44032K, used 37376K [0x00000000eab00000, 0x00000000ee080000, 0x0000000100000000)
  eden space 37376K, 100% used [0x00000000eab00000,0x00000000ecf80000,0x00000000ecf80000)
  from space 6656K, 0% used [0x00000000ed780000,0x00000000ed780000,0x00000000ede00000)
  to   space 8192K, 0% used [0x00000000ecf80000,0x00000000ecf80000,0x00000000ed780000)
 ParOldGen       total 198656K, used 198562K [0x00000000c0000000, 0x00000000cc200000, 0x00000000eab00000)
  object space 198656K, 99% used [0x00000000c0000000,0x00000000cc1e8ac8,0x00000000cc200000)
 Metaspace       used 66790K, committed 67968K, reserved 1114112K
  class space    used 7706K, committed 8192K, reserved 1048576K
}
Event: 30.731 GC heap after
{Heap after GC invocations=632 (full 546):
 PSYoungGen      total 45568K, used 37375K [0x00000000eab00000, 0x00000000ee080000, 0x0000000100000000)
  eden space 37376K, 99% used [0x00000000eab00000,0x00000000ecf7ff00,0x00000000ecf80000)
  from space 8192K, 0% used [0x00000000ecf80000,0x00000000ecf80000,0x00000000ed780000)
  to   space 6656K, 0% used [0x00000000ed780000,0x00000000ed780000,0x00000000ede00000)
 ParOldGen       total 198656K, used 198562K [0x00000000c0000000, 0x00000000cc200000, 0x00000000eab00000)
  object space 198656K, 99% used [0x00000000c0000000,0x00000000cc1e8a38,0x00000000cc200000)
 Metaspace       used 66790K, committed 67968K, reserved 1114112K
  class space    used 7706K, committed 8192K, reserved 1048576K
}
Event: 30.731 GC heap before
{Heap before GC invocations=633 (full 547):
 PSYoungGen      total 45568K, used 37376K [0x00000000eab00000, 0x00000000ee080000, 0x0000000100000000)
  eden space 37376K, 100% used [0x00000000eab00000,0x00000000ecf80000,0x00000000ecf80000)
  from space 8192K, 0% used [0x00000000ecf80000,0x00000000ecf80000,0x00000000ed780000)
  to   space 6656K, 0% used [0x00000000ed780000,0x00000000ed780000,0x00000000ede00000)
 ParOldGen       total 198656K, used 198562K [0x00000000c0000000, 0x00000000cc200000, 0x00000000eab00000)
  object space 198656K, 99% used [0x00000000c0000000,0x00000000cc1e8a38,0x00000000cc200000)
 Metaspace       used 66790K, committed 67968K, reserved 1114112K
  class space    used 7706K, committed 8192K, reserved 1048576K
}
Event: 30.770 GC heap after
{Heap after GC invocations=633 (full 547):
 PSYoungGen      total 44032K, used 37375K [0x00000000eab00000, 0x00000000ee080000, 0x0000000100000000)
  eden space 37376K, 99% used [0x00000000eab00000,0x00000000ecf7ff00,0x00000000ecf80000)
  from space 6656K, 0% used [0x00000000ed780000,0x00000000ed780000,0x00000000ede00000)
  to   space 8192K, 0% used [0x00000000ecf80000,0x00000000ecf80000,0x00000000ed780000)
 ParOldGen       total 198656K, used 198562K [0x00000000c0000000, 0x00000000cc200000, 0x00000000eab00000)
  object space 198656K, 99% used [0x00000000c0000000,0x00000000cc1e8a38,0x00000000cc200000)
 Metaspace       used 66790K, committed 67968K, reserved 1114112K
  class space    used 7706K, committed 8192K, reserved 1048576K
}
Event: 30.770 GC heap before
{Heap before GC invocations=634 (full 548):
 PSYoungGen      total 44032K, used 37375K [0x00000000eab00000, 0x00000000ee080000, 0x0000000100000000)
  eden space 37376K, 99% used [0x00000000eab00000,0x00000000ecf7fff0,0x00000000ecf80000)
  from space 6656K, 0% used [0x00000000ed780000,0x00000000ed780000,0x00000000ede00000)
  to   space 8192K, 0% used [0x00000000ecf80000,0x00000000ecf80000,0x00000000ed780000)
 ParOldGen       total 198656K, used 198562K [0x00000000c0000000, 0x00000000cc200000, 0x00000000eab00000)
  object space 198656K, 99% used [0x00000000c0000000,0x00000000cc1e8a38,0x00000000cc200000)
 Metaspace       used 66790K, committed 67968K, reserved 1114112K
  class space    used 7706K, committed 8192K, reserved 1048576K
}
Event: 30.834 GC heap after
{Heap after GC invocations=634 (full 548):
 PSYoungGen      total 45568K, used 37375K [0x00000000eab00000, 0x00000000ee080000, 0x0000000100000000)
  eden space 37376K, 99% used [0x00000000eab00000,0x00000000ecf7ff58,0x00000000ecf80000)
  from space 8192K, 0% used [0x00000000ecf80000,0x00000000ecf80000,0x00000000ed780000)
  to   space 6656K, 0% used [0x00000000ed780000,0x00000000ed780000,0x00000000ede00000)
 ParOldGen       total 198656K, used 198562K [0x00000000c0000000, 0x00000000cc200000, 0x00000000eab00000)
  object space 198656K, 99% used [0x00000000c0000000,0x00000000cc1e8a18,0x00000000cc200000)
 Metaspace       used 66790K, committed 67968K, reserved 1114112K
  class space    used 7706K, committed 8192K, reserved 1048576K
}
Event: 30.834 GC heap before
{Heap before GC invocations=635 (full 549):
 PSYoungGen      total 45568K, used 37375K [0x00000000eab00000, 0x00000000ee080000, 0x0000000100000000)
  eden space 37376K, 99% used [0x00000000eab00000,0x00000000ecf7ffe0,0x00000000ecf80000)
  from space 8192K, 0% used [0x00000000ecf80000,0x00000000ecf80000,0x00000000ed780000)
  to   space 6656K, 0% used [0x00000000ed780000,0x00000000ed780000,0x00000000ede00000)
 ParOldGen       total 198656K, used 198562K [0x00000000c0000000, 0x00000000cc200000, 0x00000000eab00000)
  object space 198656K, 99% used [0x00000000c0000000,0x00000000cc1e8a18,0x00000000cc200000)
 Metaspace       used 66790K, committed 67968K, reserved 1114112K
  class space    used 7706K, committed 8192K, reserved 1048576K
}
Event: 30.875 GC heap after
{Heap after GC invocations=635 (full 549):
 PSYoungGen      total 44032K, used 37375K [0x00000000eab00000, 0x00000000ee080000, 0x0000000100000000)
  eden space 37376K, 99% used [0x00000000eab00000,0x00000000ecf7ff48,0x00000000ecf80000)
  from space 6656K, 0% used [0x00000000ed780000,0x00000000ed780000,0x00000000ede00000)
  to   space 8192K, 0% used [0x00000000ecf80000,0x00000000ecf80000,0x00000000ed780000)
 ParOldGen       total 198656K, used 198562K [0x00000000c0000000, 0x00000000cc200000, 0x00000000eab00000)
  object space 198656K, 99% used [0x00000000c0000000,0x00000000cc1e8a18,0x00000000cc200000)
 Metaspace       used 66790K, committed 67968K, reserved 1114112K
  class space    used 7706K, committed 8192K, reserved 1048576K
}
Event: 30.875 GC heap before
{Heap before GC invocations=636 (full 550):
 PSYoungGen      total 44032K, used 37375K [0x00000000eab00000, 0x00000000ee080000, 0x0000000100000000)
  eden space 37376K, 99% used [0x00000000eab00000,0x00000000ecf7fff8,0x00000000ecf80000)
  from space 6656K, 0% used [0x00000000ed780000,0x00000000ed780000,0x00000000ede00000)
  to   space 8192K, 0% used [0x00000000ecf80000,0x00000000ecf80000,0x00000000ed780000)
 ParOldGen       total 198656K, used 198562K [0x00000000c0000000, 0x00000000cc200000, 0x00000000eab00000)
  object space 198656K, 99% used [0x00000000c0000000,0x00000000cc1e8a18,0x00000000cc200000)
 Metaspace       used 66790K, committed 67968K, reserved 1114112K
  class space    used 7706K, committed 8192K, reserved 1048576K
}
Event: 30.914 GC heap after
{Heap after GC invocations=636 (full 550):
 PSYoungGen      total 45568K, used 37375K [0x00000000eab00000, 0x00000000ee080000, 0x0000000100000000)
  eden space 37376K, 99% used [0x00000000eab00000,0x00000000ecf7ff88,0x00000000ecf80000)
  from space 8192K, 0% used [0x00000000ecf80000,0x00000000ecf80000,0x00000000ed780000)
  to   space 6656K, 0% used [0x00000000ed780000,0x00000000ed780000,0x00000000ede00000)
 ParOldGen       total 198656K, used 198562K [0x00000000c0000000, 0x00000000cc200000, 0x00000000eab00000)
  object space 198656K, 99% used [0x00000000c0000000,0x00000000cc1e8a18,0x00000000cc200000)
 Metaspace       used 66790K, committed 67968K, reserved 1114112K
  class space    used 7706K, committed 8192K, reserved 1048576K
}
Event: 30.914 GC heap before
{Heap before GC invocations=637 (full 551):
 PSYoungGen      total 45568K, used 37375K [0x00000000eab00000, 0x00000000ee080000, 0x0000000100000000)
  eden space 37376K, 99% used [0x00000000eab00000,0x00000000ecf7ffd8,0x00000000ecf80000)
  from space 8192K, 0% used [0x00000000ecf80000,0x00000000ecf80000,0x00000000ed780000)
  to   space 6656K, 0% used [0x00000000ed780000,0x00000000ed780000,0x00000000ede00000)
 ParOldGen       total 198656K, used 198562K [0x00000000c0000000, 0x00000000cc200000, 0x00000000eab00000)
  object space 198656K, 99% used [0x00000000c0000000,0x00000000cc1e8a18,0x00000000cc200000)
 Metaspace       used 66790K, committed 67968K, reserved 1114112K
  class space    used 7706K, committed 8192K, reserved 1048576K
}
Event: 30.961 GC heap after
{Heap after GC invocations=637 (full 551):
 PSYoungGen      total 44032K, used 37375K [0x00000000eab00000, 0x00000000ee080000, 0x0000000100000000)
  eden space 37376K, 99% used [0x00000000eab00000,0x00000000ecf7ffb0,0x00000000ecf80000)
  from space 6656K, 0% used [0x00000000ed780000,0x00000000ed780000,0x00000000ede00000)
  to   space 8192K, 0% used [0x00000000ecf80000,0x00000000ecf80000,0x00000000ed780000)
 ParOldGen       total 198656K, used 198562K [0x00000000c0000000, 0x00000000cc200000, 0x00000000eab00000)
  object space 198656K, 99% used [0x00000000c0000000,0x00000000cc1e8a18,0x00000000cc200000)
 Metaspace       used 66790K, committed 67968K, reserved 1114112K
  class space    used 7706K, committed 8192K, reserved 1048576K
}
Event: 30.961 GC heap before
{Heap before GC invocations=638 (full 552):
 PSYoungGen      total 44032K, used 37375K [0x00000000eab00000, 0x00000000ee080000, 0x0000000100000000)
  eden space 37376K, 99% used [0x00000000eab00000,0x00000000ecf7fff0,0x00000000ecf80000)
  from space 6656K, 0% used [0x00000000ed780000,0x00000000ed780000,0x00000000ede00000)
  to   space 8192K, 0% used [0x00000000ecf80000,0x00000000ecf80000,0x00000000ed780000)
 ParOldGen       total 198656K, used 198565K [0x00000000c0000000, 0x00000000cc200000, 0x00000000eab00000)
  object space 198656K, 99% used [0x00000000c0000000,0x00000000cc1e96e0,0x00000000cc200000)
 Metaspace       used 66790K, committed 67968K, reserved 1114112K
  class space    used 7706K, committed 8192K, reserved 1048576K
}
Event: 31.006 GC heap after
{Heap after GC invocations=638 (full 552):
 PSYoungGen      total 45568K, used 37375K [0x00000000eab00000, 0x00000000ee080000, 0x0000000100000000)
  eden space 37376K, 99% used [0x00000000eab00000,0x00000000ecf7fe00,0x00000000ecf80000)
  from space 8192K, 0% used [0x00000000ecf80000,0x00000000ecf80000,0x00000000ed780000)
  to   space 6656K, 0% used [0x00000000ed780000,0x00000000ed780000,0x00000000ede00000)
 ParOldGen       total 699392K, used 198562K [0x00000000c0000000, 0x00000000eab00000, 0x00000000eab00000)
  object space 699392K, 28% used [0x00000000c0000000,0x00000000cc1e8b10,0x00000000eab00000)
 Metaspace       used 66790K, committed 67968K, reserved 1114112K
  class space    used 7706K, committed 8192K, reserved 1048576K
}
Event: 31.006 GC heap before
{Heap before GC invocations=639 (full 552):
 PSYoungGen      total 45568K, used 37375K [0x00000000eab00000, 0x00000000ee080000, 0x0000000100000000)
  eden space 37376K, 99% used [0x00000000eab00000,0x00000000ecf7fff0,0x00000000ecf80000)
  from space 8192K, 0% used [0x00000000ecf80000,0x00000000ecf80000,0x00000000ed780000)
  to   space 6656K, 0% used [0x00000000ed780000,0x00000000ed780000,0x00000000ede00000)
 ParOldGen       total 699392K, used 198562K [0x00000000c0000000, 0x00000000eab00000, 0x00000000eab00000)
  object space 699392K, 28% used [0x00000000c0000000,0x00000000cc1e8b10,0x00000000eab00000)
 Metaspace       used 66790K, committed 67968K, reserved 1114112K
  class space    used 7706K, committed 8192K, reserved 1048576K
}
Event: 31.024 GC heap after
{Heap after GC invocations=639 (full 552):
 PSYoungGen      total 44032K, used 6648K [0x00000000eab00000, 0x00000000ee080000, 0x0000000100000000)
  eden space 37376K, 0% used [0x00000000eab00000,0x00000000eab00000,0x00000000ecf80000)
  from space 6656K, 99% used [0x00000000ed780000,0x00000000eddfe190,0x00000000ede00000)
  to   space 8192K, 0% used [0x00000000ecf80000,0x00000000ecf80000,0x00000000ed780000)
 ParOldGen       total 699392K, used 230603K [0x00000000c0000000, 0x00000000eab00000, 0x00000000eab00000)
  object space 699392K, 32% used [0x00000000c0000000,0x00000000ce132d20,0x00000000eab00000)
 Metaspace       used 66790K, committed 67968K, reserved 1114112K
  class space    used 7706K, committed 8192K, reserved 1048576K
}

