# JRE version: OpenJDK Runtime Environment Temurin-17.0.13+11 (17.0.13+11) (build 17.0.13+11)
# Java VM: OpenJDK 64-Bit Server VM Temurin-17.0.13+11 (17.0.13+11, mixed mode, tiered, compressed oops, compressed class ptrs, parallel gc, windows-amd64)
GC Precious Log:
 CPUs: 12 total, 12 available
 Memory: 16307M
 Large Page Support: Disabled
 NUMA Support: Disabled
 Compressed Oops: Enabled (32-bit)
 Alignments: Space 512K, Generation 512K, Heap 2M
 Heap Min Capacity: 100M
 Heap Initial Capacity: 100M
 Heap Max Capacity: 1G
 Pre-touch: Disabled
 Parallel Workers: 10
Heap:
 PSYoungGen      total 22528K, used 17004K [0x00000000eab00000, 0x00000000ec400000, 0x0000000100000000)
  eden space 19456K, 74% used [0x00000000eab00000,0x00000000eb9246b8,0x00000000ebe00000)
  from space 3072K, 82% used [0x00000000ec100000,0x00000000ec376958,0x00000000ec400000)
  to   space 3072K, 0% used [0x00000000ebe00000,0x00000000ebe00000,0x00000000ec100000)
 ParOldGen       total 68608K, used 35645K [0x00000000c0000000, 0x00000000c4300000, 0x00000000eab00000)
  object space 68608K, 51% used [0x00000000c0000000,0x00000000c22cf4d8,0x00000000c4300000)
 Metaspace       used 50615K, committed 51712K, reserved 1114112K
  class space    used 5078K, committed 5568K, reserved 1048576K
GC Heap History (20 events):
Event: 3.519 GC heap before
{Heap before GC invocations=19 (full 2):
 PSYoungGen      total 23040K, used 23022K [0x00000000eab00000, 0x00000000ec480000, 0x0000000100000000)
  eden space 22016K, 100% used [0x00000000eab00000,0x00000000ec080000,0x00000000ec080000)
  from space 1024K, 98% used [0x00000000ec380000,0x00000000ec47bb48,0x00000000ec480000)
  to   space 2048K, 0% used [0x00000000ec080000,0x00000000ec080000,0x00000000ec280000)
 ParOldGen       total 68608K, used 22094K [0x00000000c0000000, 0x00000000c4300000, 0x00000000eab00000)
  object space 68608K, 32% used [0x00000000c0000000,0x00000000c15938c8,0x00000000c4300000)
 Metaspace       used 44164K, committed 45120K, reserved 1114112K
  class space    used 4494K, committed 4928K, reserved 1048576K
}
Event: 3.522 GC heap after
{Heap after GC invocations=19 (full 2):
 PSYoungGen      total 24064K, used 192K [0x00000000eab00000, 0x00000000ec400000, 0x0000000100000000)
  eden space 22016K, 0% used [0x00000000eab00000,0x00000000eab00000,0x00000000ec080000)
  from space 2048K, 9% used [0x00000000ec080000,0x00000000ec0b0000,0x00000000ec280000)
  to   space 1024K, 0% used [0x00000000ec300000,0x00000000ec300000,0x00000000ec400000)
 ParOldGen       total 68608K, used 22406K [0x00000000c0000000, 0x00000000c4300000, 0x00000000eab00000)
  object space 68608K, 32% used [0x00000000c0000000,0x00000000c15e1928,0x00000000c4300000)
 Metaspace       used 44164K, committed 45120K, reserved 1114112K
  class space    used 4494K, committed 4928K, reserved 1048576K
}
Event: 3.749 GC heap before
{Heap before GC invocations=20 (full 2):
 PSYoungGen      total 24064K, used 22202K [0x00000000eab00000, 0x00000000ec400000, 0x0000000100000000)
  eden space 22016K, 99% used [0x00000000eab00000,0x00000000ec07e998,0x00000000ec080000)
  from space 2048K, 9% used [0x00000000ec080000,0x00000000ec0b0000,0x00000000ec280000)
  to   space 1024K, 0% used [0x00000000ec300000,0x00000000ec300000,0x00000000ec400000)
 ParOldGen       total 68608K, used 22406K [0x00000000c0000000, 0x00000000c4300000, 0x00000000eab00000)
  object space 68608K, 32% used [0x00000000c0000000,0x00000000c15e1928,0x00000000c4300000)
 Metaspace       used 45985K, committed 46976K, reserved 1114112K
  class space    used 4672K, committed 5120K, reserved 1048576K
}
Event: 3.752 GC heap after
{Heap after GC invocations=20 (full 2):
 PSYoungGen      total 23040K, used 1024K [0x00000000eab00000, 0x00000000ec480000, 0x0000000100000000)
  eden space 22016K, 0% used [0x00000000eab00000,0x00000000eab00000,0x00000000ec080000)
  from space 1024K, 100% used [0x00000000ec300000,0x00000000ec400000,0x00000000ec400000)
  to   space 2048K, 0% used [0x00000000ec080000,0x00000000ec080000,0x00000000ec280000)
 ParOldGen       total 68608K, used 22718K [0x00000000c0000000, 0x00000000c4300000, 0x00000000eab00000)
  object space 68608K, 33% used [0x00000000c0000000,0x00000000c162f968,0x00000000c4300000)
 Metaspace       used 45985K, committed 46976K, reserved 1114112K
  class space    used 4672K, committed 5120K, reserved 1048576K
}
Event: 4.190 GC heap before
{Heap before GC invocations=21 (full 2):
 PSYoungGen      total 23040K, used 23040K [0x00000000eab00000, 0x00000000ec480000, 0x0000000100000000)
  eden space 22016K, 100% used [0x00000000eab00000,0x00000000ec080000,0x00000000ec080000)
  from space 1024K, 100% used [0x00000000ec300000,0x00000000ec400000,0x00000000ec400000)
  to   space 2048K, 0% used [0x00000000ec080000,0x00000000ec080000,0x00000000ec280000)
 ParOldGen       total 68608K, used 22718K [0x00000000c0000000, 0x00000000c4300000, 0x00000000eab00000)
  object space 68608K, 33% used [0x00000000c0000000,0x00000000c162f968,0x00000000c4300000)
 Metaspace       used 46640K, committed 47616K, reserved 1114112K
  class space    used 4713K, committed 5184K, reserved 1048576K
}
Event: 4.192 GC heap after
{Heap after GC invocations=21 (full 2):
 PSYoungGen      total 24064K, used 1689K [0x00000000eab00000, 0x00000000ec480000, 0x0000000100000000)
  eden space 22016K, 0% used [0x00000000eab00000,0x00000000eab00000,0x00000000ec080000)
  from space 2048K, 82% used [0x00000000ec080000,0x00000000ec226760,0x00000000ec280000)
  to   space 2048K, 0% used [0x00000000ec280000,0x00000000ec280000,0x00000000ec480000)
 ParOldGen       total 68608K, used 23728K [0x00000000c0000000, 0x00000000c4300000, 0x00000000eab00000)
  object space 68608K, 34% used [0x00000000c0000000,0x00000000c172c0c8,0x00000000c4300000)
 Metaspace       used 46640K, committed 47616K, reserved 1114112K
  class space    used 4713K, committed 5184K, reserved 1048576K
}
Event: 4.260 GC heap before
{Heap before GC invocations=22 (full 2):
 PSYoungGen      total 24064K, used 23705K [0x00000000eab00000, 0x00000000ec480000, 0x0000000100000000)
  eden space 22016K, 100% used [0x00000000eab00000,0x00000000ec080000,0x00000000ec080000)
  from space 2048K, 82% used [0x00000000ec080000,0x00000000ec226760,0x00000000ec280000)
  to   space 2048K, 0% used [0x00000000ec280000,0x00000000ec280000,0x00000000ec480000)
 ParOldGen       total 68608K, used 23728K [0x00000000c0000000, 0x00000000c4300000, 0x00000000eab00000)
  object space 68608K, 34% used [0x00000000c0000000,0x00000000c172c0c8,0x00000000c4300000)
 Metaspace       used 46641K, committed 47616K, reserved 1114112K
  class space    used 4713K, committed 5184K, reserved 1048576K
}
Event: 4.264 GC heap after
{Heap after GC invocations=22 (full 2):
 PSYoungGen      total 21504K, used 2020K [0x00000000eab00000, 0x00000000ec980000, 0x0000000100000000)
  eden space 19456K, 0% used [0x00000000eab00000,0x00000000eab00000,0x00000000ebe00000)
  from space 2048K, 98% used [0x00000000ec280000,0x00000000ec479000,0x00000000ec480000)
  to   space 4608K, 0% used [0x00000000ebe00000,0x00000000ebe00000,0x00000000ec280000)
 ParOldGen       total 68608K, used 25495K [0x00000000c0000000, 0x00000000c4300000, 0x00000000eab00000)
  object space 68608K, 37% used [0x00000000c0000000,0x00000000c18e5ef0,0x00000000c4300000)
 Metaspace       used 46641K, committed 47616K, reserved 1114112K
  class space    used 4713K, committed 5184K, reserved 1048576K
}
Event: 4.296 GC heap before
{Heap before GC invocations=23 (full 2):
 PSYoungGen      total 21504K, used 21475K [0x00000000eab00000, 0x00000000ec980000, 0x0000000100000000)
  eden space 19456K, 99% used [0x00000000eab00000,0x00000000ebdfffe8,0x00000000ebe00000)
  from space 2048K, 98% used [0x00000000ec280000,0x00000000ec479000,0x00000000ec480000)
  to   space 4608K, 0% used [0x00000000ebe00000,0x00000000ebe00000,0x00000000ec280000)
 ParOldGen       total 68608K, used 25495K [0x00000000c0000000, 0x00000000c4300000, 0x00000000eab00000)
  object space 68608K, 37% used [0x00000000c0000000,0x00000000c18e5ef0,0x00000000c4300000)
 Metaspace       used 46641K, committed 47616K, reserved 1114112K
  class space    used 4713K, committed 5184K, reserved 1048576K
}
Event: 4.300 GC heap after
{Heap after GC invocations=23 (full 2):
 PSYoungGen      total 22016K, used 2112K [0x00000000eab00000, 0x00000000ec400000, 0x0000000100000000)
  eden space 19456K, 0% used [0x00000000eab00000,0x00000000eab00000,0x00000000ebe00000)
  from space 2560K, 82% used [0x00000000ebe00000,0x00000000ec010010,0x00000000ec080000)
  to   space 3072K, 0% used [0x00000000ec100000,0x00000000ec100000,0x00000000ec400000)
 ParOldGen       total 68608K, used 27515K [0x00000000c0000000, 0x00000000c4300000, 0x00000000eab00000)
  object space 68608K, 40% used [0x00000000c0000000,0x00000000c1adeef0,0x00000000c4300000)
 Metaspace       used 46641K, committed 47616K, reserved 1114112K
  class space    used 4713K, committed 5184K, reserved 1048576K
}
Event: 4.356 GC heap before
{Heap before GC invocations=24 (full 2):
 PSYoungGen      total 22016K, used 21568K [0x00000000eab00000, 0x00000000ec400000, 0x0000000100000000)
  eden space 19456K, 100% used [0x00000000eab00000,0x00000000ebe00000,0x00000000ebe00000)
  from space 2560K, 82% used [0x00000000ebe00000,0x00000000ec010010,0x00000000ec080000)
  to   space 3072K, 0% used [0x00000000ec100000,0x00000000ec100000,0x00000000ec400000)
 ParOldGen       total 68608K, used 27515K [0x00000000c0000000, 0x00000000c4300000, 0x00000000eab00000)
  object space 68608K, 40% used [0x00000000c0000000,0x00000000c1adeef0,0x00000000c4300000)
 Metaspace       used 46720K, committed 47680K, reserved 1114112K
  class space    used 4718K, committed 5184K, reserved 1048576K
}
Event: 4.360 GC heap after
{Heap after GC invocations=24 (full 2):
 PSYoungGen      total 21504K, used 1984K [0x00000000eab00000, 0x00000000ec300000, 0x0000000100000000)
  eden space 19456K, 0% used [0x00000000eab00000,0x00000000eab00000,0x00000000ebe00000)
  from space 2048K, 96% used [0x00000000ec100000,0x00000000ec2f0000,0x00000000ec300000)
  to   space 2560K, 0% used [0x00000000ebe00000,0x00000000ebe00000,0x00000000ec080000)
 ParOldGen       total 68608K, used 29459K [0x00000000c0000000, 0x00000000c4300000, 0x00000000eab00000)
  object space 68608K, 42% used [0x00000000c0000000,0x00000000c1cc4f00,0x00000000c4300000)
 Metaspace       used 46720K, committed 47680K, reserved 1114112K
  class space    used 4718K, committed 5184K, reserved 1048576K
}
Event: 4.567 GC heap before
{Heap before GC invocations=25 (full 2):
 PSYoungGen      total 21504K, used 21440K [0x00000000eab00000, 0x00000000ec300000, 0x0000000100000000)
  eden space 19456K, 100% used [0x00000000eab00000,0x00000000ebe00000,0x00000000ebe00000)
  from space 2048K, 96% used [0x00000000ec100000,0x00000000ec2f0000,0x00000000ec300000)
  to   space 2560K, 0% used [0x00000000ebe00000,0x00000000ebe00000,0x00000000ec080000)
 ParOldGen       total 68608K, used 29459K [0x00000000c0000000, 0x00000000c4300000, 0x00000000eab00000)
  object space 68608K, 42% used [0x00000000c0000000,0x00000000c1cc4f00,0x00000000c4300000)
 Metaspace       used 47713K, committed 48704K, reserved 1114112K
  class space    used 4830K, committed 5312K, reserved 1048576K
}
Event: 4.572 GC heap after
{Heap after GC invocations=25 (full 2):
 PSYoungGen      total 21504K, used 1992K [0x00000000eab00000, 0x00000000ec200000, 0x0000000100000000)
  eden space 19456K, 0% used [0x00000000eab00000,0x00000000eab00000,0x00000000ebe00000)
  from space 2048K, 97% used [0x00000000ebe00000,0x00000000ebff2208,0x00000000ec000000)
  to   space 2048K, 0% used [0x00000000ec000000,0x00000000ec000000,0x00000000ec200000)
 ParOldGen       total 68608K, used 31283K [0x00000000c0000000, 0x00000000c4300000, 0x00000000eab00000)
  object space 68608K, 45% used [0x00000000c0000000,0x00000000c1e8cf00,0x00000000c4300000)
 Metaspace       used 47713K, committed 48704K, reserved 1114112K
  class space    used 4830K, committed 5312K, reserved 1048576K
}
Event: 4.759 GC heap before
{Heap before GC invocations=26 (full 2):
 PSYoungGen      total 21504K, used 21448K [0x00000000eab00000, 0x00000000ec200000, 0x0000000100000000)
  eden space 19456K, 99% used [0x00000000eab00000,0x00000000ebdffff0,0x00000000ebe00000)
  from space 2048K, 97% used [0x00000000ebe00000,0x00000000ebff2208,0x00000000ec000000)
  to   space 2048K, 0% used [0x00000000ec000000,0x00000000ec000000,0x00000000ec200000)
 ParOldGen       total 68608K, used 31283K [0x00000000c0000000, 0x00000000c4300000, 0x00000000eab00000)
  object space 68608K, 45% used [0x00000000c0000000,0x00000000c1e8cf00,0x00000000c4300000)
 Metaspace       used 48179K, committed 49152K, reserved 1114112K
  class space    used 4882K, committed 5376K, reserved 1048576K
}
Event: 4.761 GC heap after
{Heap after GC invocations=26 (full 2):
 PSYoungGen      total 20992K, used 1248K [0x00000000eab00000, 0x00000000ec180000, 0x0000000100000000)
  eden space 19456K, 0% used [0x00000000eab00000,0x00000000eab00000,0x00000000ebe00000)
  from space 1536K, 81% used [0x00000000ec000000,0x00000000ec138020,0x00000000ec180000)
  to   space 1536K, 0% used [0x00000000ebe80000,0x00000000ebe80000,0x00000000ec000000)
 ParOldGen       total 68608K, used 33080K [0x00000000c0000000, 0x00000000c4300000, 0x00000000eab00000)
  object space 68608K, 48% used [0x00000000c0000000,0x00000000c204e008,0x00000000c4300000)
 Metaspace       used 48179K, committed 49152K, reserved 1114112K
  class space    used 4882K, committed 5376K, reserved 1048576K
}
Event: 4.871 GC heap before
{Heap before GC invocations=27 (full 2):
 PSYoungGen      total 20992K, used 20704K [0x00000000eab00000, 0x00000000ec180000, 0x0000000100000000)
  eden space 19456K, 100% used [0x00000000eab00000,0x00000000ebe00000,0x00000000ebe00000)
  from space 1536K, 81% used [0x00000000ec000000,0x00000000ec138020,0x00000000ec180000)
  to   space 1536K, 0% used [0x00000000ebe80000,0x00000000ebe80000,0x00000000ec000000)
 ParOldGen       total 68608K, used 33080K [0x00000000c0000000, 0x00000000c4300000, 0x00000000eab00000)
  object space 68608K, 48% used [0x00000000c0000000,0x00000000c204e008,0x00000000c4300000)
 Metaspace       used 48504K, committed 49472K, reserved 1114112K
  class space    used 4895K, committed 5376K, reserved 1048576K
}
Event: 4.873 GC heap after
{Heap after GC invocations=27 (full 2):
 PSYoungGen      total 20992K, used 1506K [0x00000000eab00000, 0x00000000ec400000, 0x0000000100000000)
  eden space 19456K, 0% used [0x00000000eab00000,0x00000000eab00000,0x00000000ebe00000)
  from space 1536K, 98% used [0x00000000ebe80000,0x00000000ebff8b00,0x00000000ec000000)
  to   space 3072K, 0% used [0x00000000ec100000,0x00000000ec100000,0x00000000ec400000)
 ParOldGen       total 68608K, used 34168K [0x00000000c0000000, 0x00000000c4300000, 0x00000000eab00000)
  object space 68608K, 49% used [0x00000000c0000000,0x00000000c215e1e8,0x00000000c4300000)
 Metaspace       used 48504K, committed 49472K, reserved 1114112K
  class space    used 4895K, committed 5376K, reserved 1048576K
}
Event: 5.062 GC heap before
{Heap before GC invocations=28 (full 2):
 PSYoungGen      total 20992K, used 20962K [0x00000000eab00000, 0x00000000ec400000, 0x0000000100000000)
  eden space 19456K, 100% used [0x00000000eab00000,0x00000000ebe00000,0x00000000ebe00000)
  from space 1536K, 98% used [0x00000000ebe80000,0x00000000ebff8b00,0x00000000ec000000)
  to   space 3072K, 0% used [0x00000000ec100000,0x00000000ec100000,0x00000000ec400000)
 ParOldGen       total 68608K, used 34168K [0x00000000c0000000, 0x00000000c4300000, 0x00000000eab00000)
  object space 68608K, 49% used [0x00000000c0000000,0x00000000c215e1e8,0x00000000c4300000)
 Metaspace       used 49843K, committed 50880K, reserved 1114112K
  class space    used 5022K, committed 5504K, reserved 1048576K
}
Event: 5.066 GC heap after
{Heap after GC invocations=28 (full 2):
 PSYoungGen      total 22528K, used 2522K [0x00000000eab00000, 0x00000000ec400000, 0x0000000100000000)
  eden space 19456K, 0% used [0x00000000eab00000,0x00000000eab00000,0x00000000ebe00000)
  from space 3072K, 82% used [0x00000000ec100000,0x00000000ec376958,0x00000000ec400000)
  to   space 3072K, 0% used [0x00000000ebe00000,0x00000000ebe00000,0x00000000ec100000)
 ParOldGen       total 68608K, used 35645K [0x00000000c0000000, 0x00000000c4300000, 0x00000000eab00000)
  object space 68608K, 51% used [0x00000000c0000000,0x00000000c22cf4d8,0x00000000c4300000)
 Metaspace       used 49843K, committed 50880K, reserved 1114112K
  class space    used 5022K, committed 5504K, reserved 1048576K
}

